Performing C SOURCE FILE Test CMAKE_HAVE_LIBC_PTHREAD failed with the following output:
Change Dir: /media/F/hbf/YOLOv5-Lite-master/cpp_demo/tensorrt/build/CMakeFiles/CMakeTmp

Run Build Command(s):/usr/bin/make cmTC_797c0/fast && /usr/bin/make -f CMakeFiles/cmTC_797c0.dir/build.make CMakeFiles/cmTC_797c0.dir/build
make[1]: 进入目录“/media/F/hbf/YOLOv5-Lite-master/cpp_demo/tensorrt/build/CMakeFiles/CMakeTmp”
Building C object CMakeFiles/cmTC_797c0.dir/src.c.o
/usr/bin/cc   -fPIC -DCMAKE_HAVE_LIBC_PTHREAD   -o CMakeFiles/cmTC_797c0.dir/src.c.o   -c /media/F/hbf/YOLOv5-Lite-master/cpp_demo/tensorrt/build/CMakeFiles/CMakeTmp/src.c
Linking C executable cmTC_797c0
/usr/bin/cmake -E cmake_link_script CMakeFiles/cmTC_797c0.dir/link.txt --verbose=1
/usr/bin/cc -fPIC -DCMAKE_HAVE_LIBC_PTHREAD    CMakeFiles/cmTC_797c0.dir/src.c.o  -o cmTC_797c0 
/usr/bin/ld: CMakeFiles/cmTC_797c0.dir/src.c.o: in function `main':
src.c:(.text+0x46): undefined reference to `pthread_create'
/usr/bin/ld: src.c:(.text+0x52): undefined reference to `pthread_detach'
/usr/bin/ld: src.c:(.text+0x63): undefined reference to `pthread_join'
collect2: error: ld returned 1 exit status
make[1]: *** [CMakeFiles/cmTC_797c0.dir/build.make:87：cmTC_797c0] 错误 1
make[1]: 离开目录“/media/F/hbf/YOLOv5-Lite-master/cpp_demo/tensorrt/build/CMakeFiles/CMakeTmp”
make: *** [Makefile:121：cmTC_797c0/fast] 错误 2


Source file was:
#include <pthread.h>

void* test_func(void* data)
{
  return data;
}

int main(void)
{
  pthread_t thread;
  pthread_create(&thread, NULL, test_func, NULL);
  pthread_detach(thread);
  pthread_join(thread, NULL);
  pthread_atfork(NULL, NULL, NULL);
  pthread_exit(NULL);

  return 0;
}

Determining if the function pthread_create exists in the pthreads failed with the following output:
Change Dir: /media/F/hbf/YOLOv5-Lite-master/cpp_demo/tensorrt/build/CMakeFiles/CMakeTmp

Run Build Command(s):/usr/bin/make cmTC_b93d2/fast && /usr/bin/make -f CMakeFiles/cmTC_b93d2.dir/build.make CMakeFiles/cmTC_b93d2.dir/build
make[1]: 进入目录“/media/F/hbf/YOLOv5-Lite-master/cpp_demo/tensorrt/build/CMakeFiles/CMakeTmp”
Building C object CMakeFiles/cmTC_b93d2.dir/CheckFunctionExists.c.o
/usr/bin/cc   -fPIC -DCHECK_FUNCTION_EXISTS=pthread_create   -o CMakeFiles/cmTC_b93d2.dir/CheckFunctionExists.c.o   -c /usr/share/cmake-3.16/Modules/CheckFunctionExists.c
Linking C executable cmTC_b93d2
/usr/bin/cmake -E cmake_link_script CMakeFiles/cmTC_b93d2.dir/link.txt --verbose=1
/usr/bin/cc -fPIC -DCHECK_FUNCTION_EXISTS=pthread_create    CMakeFiles/cmTC_b93d2.dir/CheckFunctionExists.c.o  -o cmTC_b93d2  -lpthreads 
/usr/bin/ld: 找不到 -lpthreads
collect2: error: ld returned 1 exit status
make[1]: *** [CMakeFiles/cmTC_b93d2.dir/build.make:87：cmTC_b93d2] 错误 1
make[1]: 离开目录“/media/F/hbf/YOLOv5-Lite-master/cpp_demo/tensorrt/build/CMakeFiles/CMakeTmp”
make: *** [Makefile:121：cmTC_b93d2/fast] 错误 2



Performing C SOURCE FILE Test CMAKE_HAVE_LIBC_PTHREAD failed with the following output:
Change Dir: /media/F/hbf/YOLOv5-Lite-master/cpp_demo/tensorrt/build/CMakeFiles/CMakeTmp

Run Build Command(s):/usr/bin/make cmTC_7dee9/fast && /usr/bin/make -f CMakeFiles/cmTC_7dee9.dir/build.make CMakeFiles/cmTC_7dee9.dir/build
make[1]: 进入目录“/media/F/hbf/YOLOv5-Lite-master/cpp_demo/tensorrt/build/CMakeFiles/CMakeTmp”
Building C object CMakeFiles/cmTC_7dee9.dir/src.c.o
/usr/bin/cc   -fPIC -DCMAKE_HAVE_LIBC_PTHREAD   -o CMakeFiles/cmTC_7dee9.dir/src.c.o   -c /media/F/hbf/YOLOv5-Lite-master/cpp_demo/tensorrt/build/CMakeFiles/CMakeTmp/src.c
Linking C executable cmTC_7dee9
/usr/bin/cmake -E cmake_link_script CMakeFiles/cmTC_7dee9.dir/link.txt --verbose=1
/usr/bin/cc -fPIC -DCMAKE_HAVE_LIBC_PTHREAD    CMakeFiles/cmTC_7dee9.dir/src.c.o  -o cmTC_7dee9 
/usr/bin/ld: CMakeFiles/cmTC_7dee9.dir/src.c.o: in function `main':
src.c:(.text+0x46): undefined reference to `pthread_create'
/usr/bin/ld: src.c:(.text+0x52): undefined reference to `pthread_detach'
/usr/bin/ld: src.c:(.text+0x63): undefined reference to `pthread_join'
collect2: error: ld returned 1 exit status
make[1]: *** [CMakeFiles/cmTC_7dee9.dir/build.make:87：cmTC_7dee9] 错误 1
make[1]: 离开目录“/media/F/hbf/YOLOv5-Lite-master/cpp_demo/tensorrt/build/CMakeFiles/CMakeTmp”
make: *** [Makefile:121：cmTC_7dee9/fast] 错误 2


Source file was:
#include <pthread.h>

void* test_func(void* data)
{
  return data;
}

int main(void)
{
  pthread_t thread;
  pthread_create(&thread, NULL, test_func, NULL);
  pthread_detach(thread);
  pthread_join(thread, NULL);
  pthread_atfork(NULL, NULL, NULL);
  pthread_exit(NULL);

  return 0;
}

Determining if the function pthread_create exists in the pthreads failed with the following output:
Change Dir: /media/F/hbf/YOLOv5-Lite-master/cpp_demo/tensorrt/build/CMakeFiles/CMakeTmp

Run Build Command(s):/usr/bin/make cmTC_1bb21/fast && /usr/bin/make -f CMakeFiles/cmTC_1bb21.dir/build.make CMakeFiles/cmTC_1bb21.dir/build
make[1]: 进入目录“/media/F/hbf/YOLOv5-Lite-master/cpp_demo/tensorrt/build/CMakeFiles/CMakeTmp”
Building C object CMakeFiles/cmTC_1bb21.dir/CheckFunctionExists.c.o
/usr/bin/cc   -fPIC -DCHECK_FUNCTION_EXISTS=pthread_create   -o CMakeFiles/cmTC_1bb21.dir/CheckFunctionExists.c.o   -c /usr/share/cmake-3.16/Modules/CheckFunctionExists.c
Linking C executable cmTC_1bb21
/usr/bin/cmake -E cmake_link_script CMakeFiles/cmTC_1bb21.dir/link.txt --verbose=1
/usr/bin/cc -fPIC -DCHECK_FUNCTION_EXISTS=pthread_create    CMakeFiles/cmTC_1bb21.dir/CheckFunctionExists.c.o  -o cmTC_1bb21  -lpthreads 
/usr/bin/ld: 找不到 -lpthreads
collect2: error: ld returned 1 exit status
make[1]: *** [CMakeFiles/cmTC_1bb21.dir/build.make:87：cmTC_1bb21] 错误 1
make[1]: 离开目录“/media/F/hbf/YOLOv5-Lite-master/cpp_demo/tensorrt/build/CMakeFiles/CMakeTmp”
make: *** [Makefile:121：cmTC_1bb21/fast] 错误 2



Performing C SOURCE FILE Test CMAKE_HAVE_LIBC_PTHREAD failed with the following output:
Change Dir: /media/F/hbf/YOLOv5-Lite-master/cpp_demo/tensorrt/build/CMakeFiles/CMakeTmp

Run Build Command(s):/usr/bin/make cmTC_fa762/fast && /usr/bin/make -f CMakeFiles/cmTC_fa762.dir/build.make CMakeFiles/cmTC_fa762.dir/build
make[1]: Entering directory '/media/F/hbf/YOLOv5-Lite-master/cpp_demo/tensorrt/build/CMakeFiles/CMakeTmp'
Building C object CMakeFiles/cmTC_fa762.dir/src.c.o
/usr/bin/cc   -fPIC -DCMAKE_HAVE_LIBC_PTHREAD   -o CMakeFiles/cmTC_fa762.dir/src.c.o   -c /media/F/hbf/YOLOv5-Lite-master/cpp_demo/tensorrt/build/CMakeFiles/CMakeTmp/src.c
Linking C executable cmTC_fa762
/usr/bin/cmake -E cmake_link_script CMakeFiles/cmTC_fa762.dir/link.txt --verbose=1
/usr/bin/cc -fPIC -DCMAKE_HAVE_LIBC_PTHREAD    CMakeFiles/cmTC_fa762.dir/src.c.o  -o cmTC_fa762 
/usr/bin/ld: CMakeFiles/cmTC_fa762.dir/src.c.o: in function `main':
src.c:(.text+0x46): undefined reference to `pthread_create'
/usr/bin/ld: src.c:(.text+0x52): undefined reference to `pthread_detach'
/usr/bin/ld: src.c:(.text+0x63): undefined reference to `pthread_join'
collect2: error: ld returned 1 exit status
make[1]: *** [CMakeFiles/cmTC_fa762.dir/build.make:87: cmTC_fa762] Error 1
make[1]: Leaving directory '/media/F/hbf/YOLOv5-Lite-master/cpp_demo/tensorrt/build/CMakeFiles/CMakeTmp'
make: *** [Makefile:121: cmTC_fa762/fast] Error 2


Source file was:
#include <pthread.h>

void* test_func(void* data)
{
  return data;
}

int main(void)
{
  pthread_t thread;
  pthread_create(&thread, NULL, test_func, NULL);
  pthread_detach(thread);
  pthread_join(thread, NULL);
  pthread_atfork(NULL, NULL, NULL);
  pthread_exit(NULL);

  return 0;
}

Determining if the function pthread_create exists in the pthreads failed with the following output:
Change Dir: /media/F/hbf/YOLOv5-Lite-master/cpp_demo/tensorrt/build/CMakeFiles/CMakeTmp

Run Build Command(s):/usr/bin/make cmTC_411b1/fast && /usr/bin/make -f CMakeFiles/cmTC_411b1.dir/build.make CMakeFiles/cmTC_411b1.dir/build
make[1]: Entering directory '/media/F/hbf/YOLOv5-Lite-master/cpp_demo/tensorrt/build/CMakeFiles/CMakeTmp'
Building C object CMakeFiles/cmTC_411b1.dir/CheckFunctionExists.c.o
/usr/bin/cc   -fPIC -DCHECK_FUNCTION_EXISTS=pthread_create   -o CMakeFiles/cmTC_411b1.dir/CheckFunctionExists.c.o   -c /usr/share/cmake-3.16/Modules/CheckFunctionExists.c
Linking C executable cmTC_411b1
/usr/bin/cmake -E cmake_link_script CMakeFiles/cmTC_411b1.dir/link.txt --verbose=1
/usr/bin/cc -fPIC -DCHECK_FUNCTION_EXISTS=pthread_create    CMakeFiles/cmTC_411b1.dir/CheckFunctionExists.c.o  -o cmTC_411b1  -lpthreads 
/usr/bin/ld: cannot find -lpthreads
collect2: error: ld returned 1 exit status
make[1]: *** [CMakeFiles/cmTC_411b1.dir/build.make:87: cmTC_411b1] Error 1
make[1]: Leaving directory '/media/F/hbf/YOLOv5-Lite-master/cpp_demo/tensorrt/build/CMakeFiles/CMakeTmp'
make: *** [Makefile:121: cmTC_411b1/fast] Error 2



